<?xml version="1.0" encoding="UTF-8"?>
<testng-results ignored="0" total="1" passed="1" failed="0" skipped="0">
  <reporter-output>
  </reporter-output>
  <suite started-at="2023-05-30T15:57:41 IST" name="Default suite" finished-at="2023-05-30T15:57:41 IST" duration-ms="118">
    <groups>
    </groups>
    <test started-at="2023-05-30T15:57:41 IST" name="Default test" finished-at="2023-05-30T15:57:41 IST" duration-ms="118">
      <class name="sample.HMS2Test">
        <test-method signature="m2()[pri:0, instance:sample.HMS2Test@4f6ee6e4]" started-at="2023-05-30T15:57:41 IST" name="m2" finished-at="2023-05-30T15:57:41 IST" duration-ms="19" status="PASS">
          <reporter-output>
          </reporter-output>
        </test-method> <!-- m2 -->
      </class> <!-- sample.HMS2Test -->
    </test> <!-- Default test -->
  </suite> <!-- Default suite -->
</testng-results>
